Arguments: 
  /usr/local/Cellar/node/10.10.0/bin/node /usr/local/Cellar/yarn/1.9.4/libexec/bin/yarn.js start

PATH: 
  /usr/local/bin:/usr/bin:/bin:/usr/sbin:/sbin

Yarn version: 
  1.9.4

Node version: 
  10.10.0

Platform: 
  darwin x64

Trace: 
  SyntaxError: /Users/dongwooklee/Documents/GitHub/TYPECHAIN/package.json: Unexpected token } in JSON at position 311
      at JSON.parse (<anonymous>)
      at /usr/local/Cellar/yarn/1.9.4/libexec/lib/cli.js:1130:59
      at Generator.next (<anonymous>)
      at step (/usr/local/Cellar/yarn/1.9.4/libexec/lib/cli.js:92:30)
      at /usr/local/Cellar/yarn/1.9.4/libexec/lib/cli.js:103:13

npm manifest: 
  {
    "name": "TYPECHAIN",
    "version": "1.0.0",
    "description": "Learning Typescript by makin a Blockchain with it",
    "main": "index.js",
    "repository": "https://github.com/wooqii/TYPECHAIN",
    "author": "DONGWOOK LEE <cpawookie@gmail.com>",
    "license": "MIT",
    "scripts": {
      "start": "node index.js",
    }
  }

yarn manifest: 
  No manifest

Lockfile: 
  No lockfile
